<?xml version="1.0" encoding="UTF-8"?>
<testng-results skipped="1" failed="0" ignored="0" total="1" passed="0">
  <reporter-output>
  </reporter-output>
  <suite name="Default suite" duration-ms="2525" started-at="2019-09-30T17:22:29Z" finished-at="2019-09-30T17:22:32Z">
    <groups>
    </groups>
    <test name="Default test" duration-ms="2525" started-at="2019-09-30T17:22:29Z" finished-at="2019-09-30T17:22:32Z">
      <class name="testng_scenarios.InformationTest">
        <test-method status="FAIL" signature="beforeTest()[pri:0, instance:testng_scenarios.InformationTest@9a7504c]" name="beforeTest" is-config="true" duration-ms="2440" started-at="2019-09-30T17:22:29Z" finished-at="2019-09-30T17:22:32Z">
          <exception class="org.openqa.selenium.SessionNotCreatedException">
            <message>
              <![CDATA[session not created: This version of ChromeDriver only supports Chrome version 75
Build info: version: '3.14.0', revision: 'aacccce0', time: '2018-08-02T20:13:22.693Z'
System info: host: 'SUDHEER-PC', ip: '192.168.126.1', os.name: 'Windows 7', os.arch: 'amd64', os.version: '6.1', java.version: '1.8.0_144'
Driver info: driver.version: ChromeDriver
remote stacktrace: Backtrace:
Ordinal0 [0x013A1B23+1448739]
Ordinal0 [0x01325A11+940561]
Ordinal0 [0x012B2293+467603]
Ordinal0 [0x0124F27E+62078]
Ordinal0 [0x0124BBBD+48061]
Ordinal0 [0x01268D19+167193]
Ordinal0 [0x012688ED+166125]
Ordinal0 [0x01266FFB+159739]
Ordinal0 [0x012509F6+68086]
Ordinal0 [0x01251990+72080]
Ordinal0 [0x01251929+71977]
GetHandleVerifier [0x014E2E4C+1172140]
GetHandleVerifier [0x0143FE35+504469]
GetHandleVerifier [0x0143FBD0+503856]
Ordinal0 [0x013AC9A8+1493416]
GetHandleVerifier [0x0144060A+506474]
Ordinal0 [0x01337136+1012022]
Ordinal0 [0x01336FAF+1011631]
Ordinal0 [0x0134133B+1053499]
Ordinal0 [0x013414A3+1053859]
Ordinal0 [0x013404D5+1049813]
BaseThreadInitThunk [0x7686336A+18]
RtlInitializeExceptionChain [0x770C98F2+99]
RtlInitializeExceptionChain [0x770C98C5+54]
]]>
            </message>
            <full-stacktrace>
              <![CDATA[org.openqa.selenium.SessionNotCreatedException: session not created: This version of ChromeDriver only supports Chrome version 75
Build info: version: '3.14.0', revision: 'aacccce0', time: '2018-08-02T20:13:22.693Z'
System info: host: 'SUDHEER-PC', ip: '192.168.126.1', os.name: 'Windows 7', os.arch: 'amd64', os.version: '6.1', java.version: '1.8.0_144'
Driver info: driver.version: ChromeDriver
remote stacktrace: Backtrace:
Ordinal0 [0x013A1B23+1448739]
Ordinal0 [0x01325A11+940561]
Ordinal0 [0x012B2293+467603]
Ordinal0 [0x0124F27E+62078]
Ordinal0 [0x0124BBBD+48061]
Ordinal0 [0x01268D19+167193]
Ordinal0 [0x012688ED+166125]
Ordinal0 [0x01266FFB+159739]
Ordinal0 [0x012509F6+68086]
Ordinal0 [0x01251990+72080]
Ordinal0 [0x01251929+71977]
GetHandleVerifier [0x014E2E4C+1172140]
GetHandleVerifier [0x0143FE35+504469]
GetHandleVerifier [0x0143FBD0+503856]
Ordinal0 [0x013AC9A8+1493416]
GetHandleVerifier [0x0144060A+506474]
Ordinal0 [0x01337136+1012022]
Ordinal0 [0x01336FAF+1011631]
Ordinal0 [0x0134133B+1053499]
Ordinal0 [0x013414A3+1053859]
Ordinal0 [0x013404D5+1049813]
BaseThreadInitThunk [0x7686336A+18]
RtlInitializeExceptionChain [0x770C98F2+99]
RtlInitializeExceptionChain [0x770C98C5+54]

at sun.reflect.NativeConstructorAccessorImpl.newInstance0(Native Method)
at sun.reflect.NativeConstructorAccessorImpl.newInstance(Unknown Source)
at sun.reflect.DelegatingConstructorAccessorImpl.newInstance(Unknown Source)
at java.lang.reflect.Constructor.newInstance(Unknown Source)
at org.openqa.selenium.remote.W3CHandshakeResponse.lambda$new$0(W3CHandshakeResponse.java:57)
at org.openqa.selenium.remote.W3CHandshakeResponse.lambda$getResponseFunction$2(W3CHandshakeResponse.java:104)
at org.openqa.selenium.remote.ProtocolHandshake.lambda$createSession$0(ProtocolHandshake.java:122)
at java.util.stream.ReferencePipeline$3$1.accept(Unknown Source)
at java.util.Spliterators$ArraySpliterator.tryAdvance(Unknown Source)
at java.util.stream.ReferencePipeline.forEachWithCancel(Unknown Source)
at java.util.stream.AbstractPipeline.copyIntoWithCancel(Unknown Source)
at java.util.stream.AbstractPipeline.copyInto(Unknown Source)
at java.util.stream.AbstractPipeline.wrapAndCopyInto(Unknown Source)
at java.util.stream.FindOps$FindOp.evaluateSequential(Unknown Source)
at java.util.stream.AbstractPipeline.evaluate(Unknown Source)
at java.util.stream.ReferencePipeline.findFirst(Unknown Source)
at org.openqa.selenium.remote.ProtocolHandshake.createSession(ProtocolHandshake.java:125)
at org.openqa.selenium.remote.ProtocolHandshake.createSession(ProtocolHandshake.java:73)
at org.openqa.selenium.remote.HttpCommandExecutor.execute(HttpCommandExecutor.java:136)
at org.openqa.selenium.remote.service.DriverCommandExecutor.execute(DriverCommandExecutor.java:83)
at org.openqa.selenium.remote.RemoteWebDriver.execute(RemoteWebDriver.java:548)
at org.openqa.selenium.remote.RemoteWebDriver.startSession(RemoteWebDriver.java:212)
at org.openqa.selenium.remote.RemoteWebDriver.<init>(RemoteWebDriver.java:130)
at org.openqa.selenium.chrome.ChromeDriver.<init>(ChromeDriver.java:181)
at org.openqa.selenium.chrome.ChromeDriver.<init>(ChromeDriver.java:168)
at org.openqa.selenium.chrome.ChromeDriver.<init>(ChromeDriver.java:123)
at testng_scenarios.InformationTest.beforeTest(InformationTest.java:31)
at sun.reflect.NativeMethodAccessorImpl.invoke0(Native Method)
at sun.reflect.NativeMethodAccessorImpl.invoke(Unknown Source)
at sun.reflect.DelegatingMethodAccessorImpl.invoke(Unknown Source)
at java.lang.reflect.Method.invoke(Unknown Source)
at org.testng.internal.MethodInvocationHelper.invokeMethod(MethodInvocationHelper.java:124)
at org.testng.internal.MethodInvocationHelper.invokeMethodConsideringTimeout(MethodInvocationHelper.java:59)
at org.testng.internal.Invoker.invokeConfigurationMethod(Invoker.java:458)
at org.testng.internal.Invoker.invokeConfigurations(Invoker.java:222)
at org.testng.internal.Invoker.invokeConfigurations(Invoker.java:142)
at org.testng.TestRunner.beforeRun(TestRunner.java:529)
at org.testng.TestRunner.run(TestRunner.java:497)
at org.testng.SuiteRunner.runTest(SuiteRunner.java:455)
at org.testng.SuiteRunner.runSequentially(SuiteRunner.java:450)
at org.testng.SuiteRunner.privateRun(SuiteRunner.java:415)
at org.testng.SuiteRunner.run(SuiteRunner.java:364)
at org.testng.SuiteRunnerWorker.runSuite(SuiteRunnerWorker.java:52)
at org.testng.SuiteRunnerWorker.run(SuiteRunnerWorker.java:84)
at org.testng.TestNG.runSuitesSequentially(TestNG.java:1208)
at org.testng.TestNG.runSuitesLocally(TestNG.java:1137)
at org.testng.TestNG.runSuites(TestNG.java:1049)
at org.testng.TestNG.run(TestNG.java:1017)
at org.testng.remote.AbstractRemoteTestNG.run(AbstractRemoteTestNG.java:115)
at org.testng.remote.RemoteTestNG.initAndRun(RemoteTestNG.java:251)
at org.testng.remote.RemoteTestNG.main(RemoteTestNG.java:77)
]]>
            </full-stacktrace>
          </exception> <!-- org.openqa.selenium.SessionNotCreatedException -->
          <reporter-output>
          </reporter-output>
        </test-method> <!-- beforeTest -->
        <test-method status="SKIP" signature="f()[pri:0, instance:testng_scenarios.InformationTest@9a7504c]" name="f" duration-ms="0" started-at="2019-09-30T17:22:32Z" finished-at="2019-09-30T17:22:32Z">
          <exception class="org.openqa.selenium.SessionNotCreatedException">
            <message>
              <![CDATA[session not created: This version of ChromeDriver only supports Chrome version 75
Build info: version: '3.14.0', revision: 'aacccce0', time: '2018-08-02T20:13:22.693Z'
System info: host: 'SUDHEER-PC', ip: '192.168.126.1', os.name: 'Windows 7', os.arch: 'amd64', os.version: '6.1', java.version: '1.8.0_144'
Driver info: driver.version: ChromeDriver
remote stacktrace: Backtrace:
Ordinal0 [0x013A1B23+1448739]
Ordinal0 [0x01325A11+940561]
Ordinal0 [0x012B2293+467603]
Ordinal0 [0x0124F27E+62078]
Ordinal0 [0x0124BBBD+48061]
Ordinal0 [0x01268D19+167193]
Ordinal0 [0x012688ED+166125]
Ordinal0 [0x01266FFB+159739]
Ordinal0 [0x012509F6+68086]
Ordinal0 [0x01251990+72080]
Ordinal0 [0x01251929+71977]
GetHandleVerifier [0x014E2E4C+1172140]
GetHandleVerifier [0x0143FE35+504469]
GetHandleVerifier [0x0143FBD0+503856]
Ordinal0 [0x013AC9A8+1493416]
GetHandleVerifier [0x0144060A+506474]
Ordinal0 [0x01337136+1012022]
Ordinal0 [0x01336FAF+1011631]
Ordinal0 [0x0134133B+1053499]
Ordinal0 [0x013414A3+1053859]
Ordinal0 [0x013404D5+1049813]
BaseThreadInitThunk [0x7686336A+18]
RtlInitializeExceptionChain [0x770C98F2+99]
RtlInitializeExceptionChain [0x770C98C5+54]
]]>
            </message>
            <full-stacktrace>
              <![CDATA[org.openqa.selenium.SessionNotCreatedException: session not created: This version of ChromeDriver only supports Chrome version 75
Build info: version: '3.14.0', revision: 'aacccce0', time: '2018-08-02T20:13:22.693Z'
System info: host: 'SUDHEER-PC', ip: '192.168.126.1', os.name: 'Windows 7', os.arch: 'amd64', os.version: '6.1', java.version: '1.8.0_144'
Driver info: driver.version: ChromeDriver
remote stacktrace: Backtrace:
Ordinal0 [0x013A1B23+1448739]
Ordinal0 [0x01325A11+940561]
Ordinal0 [0x012B2293+467603]
Ordinal0 [0x0124F27E+62078]
Ordinal0 [0x0124BBBD+48061]
Ordinal0 [0x01268D19+167193]
Ordinal0 [0x012688ED+166125]
Ordinal0 [0x01266FFB+159739]
Ordinal0 [0x012509F6+68086]
Ordinal0 [0x01251990+72080]
Ordinal0 [0x01251929+71977]
GetHandleVerifier [0x014E2E4C+1172140]
GetHandleVerifier [0x0143FE35+504469]
GetHandleVerifier [0x0143FBD0+503856]
Ordinal0 [0x013AC9A8+1493416]
GetHandleVerifier [0x0144060A+506474]
Ordinal0 [0x01337136+1012022]
Ordinal0 [0x01336FAF+1011631]
Ordinal0 [0x0134133B+1053499]
Ordinal0 [0x013414A3+1053859]
Ordinal0 [0x013404D5+1049813]
BaseThreadInitThunk [0x7686336A+18]
RtlInitializeExceptionChain [0x770C98F2+99]
RtlInitializeExceptionChain [0x770C98C5+54]

at sun.reflect.NativeConstructorAccessorImpl.newInstance0(Native Method)
at sun.reflect.NativeConstructorAccessorImpl.newInstance(Unknown Source)
at sun.reflect.DelegatingConstructorAccessorImpl.newInstance(Unknown Source)
at java.lang.reflect.Constructor.newInstance(Unknown Source)
at org.openqa.selenium.remote.W3CHandshakeResponse.lambda$new$0(W3CHandshakeResponse.java:57)
at org.openqa.selenium.remote.W3CHandshakeResponse.lambda$getResponseFunction$2(W3CHandshakeResponse.java:104)
at org.openqa.selenium.remote.ProtocolHandshake.lambda$createSession$0(ProtocolHandshake.java:122)
at java.util.stream.ReferencePipeline$3$1.accept(Unknown Source)
at java.util.Spliterators$ArraySpliterator.tryAdvance(Unknown Source)
at java.util.stream.ReferencePipeline.forEachWithCancel(Unknown Source)
at java.util.stream.AbstractPipeline.copyIntoWithCancel(Unknown Source)
at java.util.stream.AbstractPipeline.copyInto(Unknown Source)
at java.util.stream.AbstractPipeline.wrapAndCopyInto(Unknown Source)
at java.util.stream.FindOps$FindOp.evaluateSequential(Unknown Source)
at java.util.stream.AbstractPipeline.evaluate(Unknown Source)
at java.util.stream.ReferencePipeline.findFirst(Unknown Source)
at org.openqa.selenium.remote.ProtocolHandshake.createSession(ProtocolHandshake.java:125)
at org.openqa.selenium.remote.ProtocolHandshake.createSession(ProtocolHandshake.java:73)
at org.openqa.selenium.remote.HttpCommandExecutor.execute(HttpCommandExecutor.java:136)
at org.openqa.selenium.remote.service.DriverCommandExecutor.execute(DriverCommandExecutor.java:83)
at org.openqa.selenium.remote.RemoteWebDriver.execute(RemoteWebDriver.java:548)
at org.openqa.selenium.remote.RemoteWebDriver.startSession(RemoteWebDriver.java:212)
at org.openqa.selenium.remote.RemoteWebDriver.<init>(RemoteWebDriver.java:130)
at org.openqa.selenium.chrome.ChromeDriver.<init>(ChromeDriver.java:181)
at org.openqa.selenium.chrome.ChromeDriver.<init>(ChromeDriver.java:168)
at org.openqa.selenium.chrome.ChromeDriver.<init>(ChromeDriver.java:123)
at testng_scenarios.InformationTest.beforeTest(InformationTest.java:31)
at sun.reflect.NativeMethodAccessorImpl.invoke0(Native Method)
at sun.reflect.NativeMethodAccessorImpl.invoke(Unknown Source)
at sun.reflect.DelegatingMethodAccessorImpl.invoke(Unknown Source)
at java.lang.reflect.Method.invoke(Unknown Source)
at org.testng.internal.MethodInvocationHelper.invokeMethod(MethodInvocationHelper.java:124)
at org.testng.internal.MethodInvocationHelper.invokeMethodConsideringTimeout(MethodInvocationHelper.java:59)
at org.testng.internal.Invoker.invokeConfigurationMethod(Invoker.java:458)
at org.testng.internal.Invoker.invokeConfigurations(Invoker.java:222)
at org.testng.internal.Invoker.invokeConfigurations(Invoker.java:142)
at org.testng.TestRunner.beforeRun(TestRunner.java:529)
at org.testng.TestRunner.run(TestRunner.java:497)
at org.testng.SuiteRunner.runTest(SuiteRunner.java:455)
at org.testng.SuiteRunner.runSequentially(SuiteRunner.java:450)
at org.testng.SuiteRunner.privateRun(SuiteRunner.java:415)
at org.testng.SuiteRunner.run(SuiteRunner.java:364)
at org.testng.SuiteRunnerWorker.runSuite(SuiteRunnerWorker.java:52)
at org.testng.SuiteRunnerWorker.run(SuiteRunnerWorker.java:84)
at org.testng.TestNG.runSuitesSequentially(TestNG.java:1208)
at org.testng.TestNG.runSuitesLocally(TestNG.java:1137)
at org.testng.TestNG.runSuites(TestNG.java:1049)
at org.testng.TestNG.run(TestNG.java:1017)
at org.testng.remote.AbstractRemoteTestNG.run(AbstractRemoteTestNG.java:115)
at org.testng.remote.RemoteTestNG.initAndRun(RemoteTestNG.java:251)
at org.testng.remote.RemoteTestNG.main(RemoteTestNG.java:77)
]]>
            </full-stacktrace>
          </exception> <!-- org.openqa.selenium.SessionNotCreatedException -->
          <reporter-output>
          </reporter-output>
        </test-method> <!-- f -->
        <test-method status="SKIP" signature="afterTest()[pri:0, instance:testng_scenarios.InformationTest@9a7504c]" name="afterTest" is-config="true" duration-ms="0" started-at="2019-09-30T17:22:32Z" finished-at="2019-09-30T17:22:32Z">
          <reporter-output>
          </reporter-output>
        </test-method> <!-- afterTest -->
      </class> <!-- testng_scenarios.InformationTest -->
    </test> <!-- Default test -->
  </suite> <!-- Default suite -->
</testng-results>
